      587.      233.      220.
        0.        0.        0.       49.       21.       25.
       49.        0.        0.       49.       21.       25.
       98.        0.        0.       49.       21.       25.
      147.        0.        0.       49.       21.       25.
      196.        0.        0.       49.       21.       25.
      245.        0.        0.       49.       21.       25.
      294.        0.        0.       49.       21.       25.
      343.        0.        0.       49.       21.       25.
      392.        0.        0.       49.       21.       25.
      441.        0.        0.       49.       21.       25.
      490.        0.        0.       49.       21.       25.
      539.        0.        0.       25.       21.       49.
      490.        0.       25.       49.       21.       25.
        0.        0.       50.       60.       41.       51.
       60.        0.       50.       60.       41.       51.
      120.        0.       50.       60.       41.       51.
      180.        0.       50.       60.       41.       51.
      240.        0.       50.       60.       41.       51.
      300.        0.       50.       60.       41.       51.
      360.        0.       50.       60.       41.       51.
      420.        0.       50.       60.       41.       51.
      480.        0.       50.       60.       41.       51.
        0.        0.      101.      103.       64.       76.
      103.        0.      101.      103.       64.       76.
      206.        0.      101.      103.       64.       76.
      309.        0.      101.      103.       64.       76.
      412.        0.      101.      103.       64.       76.
      515.        0.      101.      103.       64.       76.
        0.       64.        0.      103.       64.       76.
      103.       64.        0.      103.       64.       76.
      206.       64.        0.      103.       64.       76.
      309.       64.        0.      103.       64.       76.
      412.       64.        0.      103.       64.       76.
        0.       64.       76.      103.       64.       76.
      103.       64.       76.       95.       62.       70.
      198.       64.       76.       95.       62.       70.
      293.       64.       76.       95.       62.       70.
      388.       64.       76.       95.       62.       70.
      483.       64.       76.       95.       62.       70.
      103.       64.      146.       95.       62.       70.
      198.       64.      146.       95.       62.       70.
      293.       64.      146.       95.       62.       70.
      388.       64.      146.       95.       62.       70.
      483.       64.      146.       95.       62.       70.
        0.      128.        0.       95.       62.       70.
       95.      128.        0.       95.       62.       70.
      190.      128.        0.       95.       62.       70.
      285.      128.        0.       95.       62.       70.
      380.      128.        0.      111.       49.       26.
      491.      128.        0.       26.       49.      111.
      517.      128.        0.       26.       49.      111.
      543.      128.        0.       26.       49.      111.
      380.      128.       26.      111.       49.       26.
      380.      128.       52.      111.       49.       26.
      269.      128.       70.      111.       49.       26.
      158.      128.       70.      111.       49.       26.
       47.      128.       70.      111.       49.       26.
       21.      128.       70.       26.       49.      111.
      380.      128.       78.      111.       49.       26.
       47.      128.       96.      111.       49.       26.
      158.      128.       96.      111.       49.       26.
