      587.      233.      220.
        0.        0.        0.       97.       27.       81.
       97.        0.        0.       97.       27.       81.
      194.        0.        0.       97.       27.       81.
      291.        0.        0.       97.       27.       81.
      388.        0.        0.       97.       27.       81.
      485.        0.        0.       97.       27.       81.
        0.        0.       81.       97.       27.       81.
       97.        0.       81.       97.       27.       81.
        0.        0.      162.       97.       27.       81.
      485.       27.        0.      102.       39.       78.
      383.       27.        0.      102.       39.       78.
      281.       27.        0.      102.       39.       78.
      179.       27.        0.      102.       39.       78.
       77.       27.        0.      102.       39.       78.
      485.       27.       78.      102.       39.       78.
      383.       27.       78.      102.       39.       78.
      281.       27.       78.      102.       39.       78.
      179.       27.       78.      102.       39.       78.
       77.       27.       78.      102.       39.       78.
        0.       27.      162.      102.       39.       78.
      485.       66.        0.      102.       39.       78.
      383.       66.        0.      102.       39.       78.
      281.       66.        0.      102.       39.       78.
      179.       66.        0.      102.       39.       78.
       77.       66.        0.      102.       39.       78.
      485.       66.       78.      102.       39.       78.
      372.       66.       78.      113.       36.       46.
      259.       66.       78.      113.       36.       46.
      146.       66.       78.      113.       36.       46.
       33.       66.       78.      113.       36.       46.
      372.       66.      124.      113.       36.       46.
      259.       66.      124.      113.       36.       46.
      146.       66.      124.      113.       36.       46.
       33.       66.      124.      113.       36.       46.
        0.       66.      170.      113.       36.       46.
      113.       66.      170.      113.       36.       46.
      226.       66.      170.      113.       36.       46.
      339.       66.      170.      113.       36.       46.
        0.      105.        0.       66.       42.       50.
       66.      105.        0.       66.       42.       50.
      132.      105.        0.       66.       42.       50.
      198.      105.        0.       66.       42.       50.
      264.      105.        0.       66.       42.       50.
      330.      105.        0.       66.       42.       50.
      396.      105.        0.       66.       42.       50.
      462.      105.        0.       66.       42.       50.
      528.      105.        0.       50.       42.       66.
      462.      105.       50.       66.       42.       50.
      396.      105.       50.       66.       42.       50.
      330.      105.       50.       66.       42.       50.
      229.      105.       50.      101.       30.       26.
      128.      105.       50.      101.       30.       26.
       27.      105.       50.      101.       30.       26.
        1.      105.       50.       26.       30.      101.
      528.      105.       66.       26.       30.      101.
      554.      105.       66.       26.       30.      101.
       27.      105.       76.      101.       30.       26.
      128.      105.       76.      101.       30.       26.
      229.      105.       76.      101.       30.       26.
      330.      105.      100.      101.       30.       26.
      431.      105.      100.       26.       30.      101.
      457.      105.      100.       26.       30.      101.
      483.      105.      100.       26.       30.      101.
       27.      105.      102.      101.       30.       26.
      128.      105.      102.      101.       30.       26.
      229.      105.      102.      101.       30.       26.
      330.      105.      126.      101.       30.       26.
       27.      105.      128.      101.       30.       26.
      128.      105.      128.      100.       35.       56.
      228.      105.      128.      100.       35.       56.
      328.      105.      152.      100.       35.       56.
       28.      105.      154.      100.       35.       56.
        0.      147.        0.      100.       35.       56.
      100.      147.        0.      100.       35.       56.
      200.      147.        0.      100.       35.       56.
      300.      147.        0.      100.       35.       56.
      400.      147.        0.      100.       35.       56.
      500.      147.        0.       56.       35.      100.
      400.      147.       56.      100.       35.       56.
      300.      147.       56.      100.       35.       56.
      200.      147.       56.      100.       35.       56.
        0.      147.      112.      100.       35.       56.
      496.      182.        0.       91.       40.       50.
      405.      182.        0.       91.       40.       50.
      314.      182.        0.       91.       40.       50.
      223.      182.        0.       91.       40.       50.
      132.      182.        0.       91.       40.       50.
       41.      182.        0.       91.       40.       50.
      496.      182.       50.       91.       40.       50.
      405.      182.       50.       91.       40.       50.
      314.      182.       50.       91.       40.       50.
      223.      182.       50.       91.       40.       50.
      132.      182.       50.       91.       40.       50.
       41.      182.       50.       91.       40.       50.
      496.      182.      100.       91.       40.       50.
      405.      182.      100.       91.       40.       50.
