      587.      233.      220.
        0.        0.        0.       86.       45.       84.
       86.        0.        0.       86.       45.       84.
      172.        0.        0.       86.       45.       84.
      258.        0.        0.       86.       45.       84.
      344.        0.        0.       86.       45.       84.
      430.        0.        0.       86.       45.       84.
        0.        0.       84.       86.       45.       84.
       86.        0.       84.       86.       45.       84.
      172.        0.       84.       86.       45.       84.
      258.        0.       84.       86.       45.       84.
      344.        0.       84.       86.       45.       84.
      430.        0.       84.       86.       45.       84.
        0.        0.      168.       86.       84.       45.
       86.        0.      168.       86.       84.       45.
      172.        0.      168.       86.       84.       45.
      258.        0.      168.       86.       84.       45.
      344.        0.      168.       86.       84.       45.
      430.        0.      168.       86.       84.       45.
      516.        0.      168.       45.       81.       34.
        0.       45.        0.       81.       34.       45.
       81.       45.        0.       81.       34.       45.
      162.       45.        0.       81.       34.       45.
      243.       45.        0.       81.       34.       45.
      324.       45.        0.       81.       34.       45.
      405.       45.        0.       81.       34.       45.
      486.       45.        0.       81.       34.       45.
        0.       45.       45.       81.       34.       45.
       81.       45.       45.       81.       34.       45.
      162.       45.       45.       81.       34.       45.
      243.       45.       45.       81.       34.       45.
      324.       45.       45.       81.       34.       45.
      405.       45.       45.       81.       34.       45.
      486.       45.       45.       81.       34.       45.
        0.       45.       90.       81.       34.       45.
       81.       45.       90.       81.       34.       45.
      162.       45.       90.       81.       34.       45.
      243.       45.       90.       81.       34.       45.
      324.       45.       90.       70.       37.       54.
      394.       45.       90.       70.       37.       54.
      464.       45.       90.       70.       37.       54.
        0.       84.        0.       70.       37.       54.
       70.       84.        0.       70.       37.       54.
      140.       84.        0.       70.       37.       54.
      210.       84.        0.       70.       37.       54.
      280.       84.        0.       70.       37.       54.
      350.       84.        0.       70.       37.       54.
      420.       84.        0.       70.       37.       54.
      490.       84.        0.       70.       37.       54.
        0.       84.       54.       70.       37.       54.
       70.       84.       54.       70.       37.       54.
        0.       84.      108.       71.       52.       61.
       71.       84.      108.       71.       52.       61.
      142.       84.      108.       71.       52.       61.
      213.       84.      108.       71.       52.       61.
      284.       84.      108.       71.       52.       61.
      355.       84.      108.       71.       52.       61.
      426.       84.      108.       71.       52.       61.
      497.       84.      108.       71.       52.       61.
        0.      136.        0.       71.       52.       61.
       71.      136.        0.       71.       52.       61.
      142.      136.        0.       71.       52.       61.
      213.      136.        0.       71.       52.       61.
      284.      136.        0.       71.       52.       61.
      355.      136.        0.       71.       52.       61.
      426.      136.        0.       71.       52.       61.
      497.      136.        0.       71.       52.       61.
        0.      136.       61.       78.       40.       73.
       78.      136.       61.       78.       40.       73.
      156.      136.       61.       78.       40.       73.
      234.      136.       61.       78.       40.       73.
      312.      136.       61.       78.       40.       73.
      390.      136.       61.       78.       40.       73.
      468.      136.       61.       78.       40.       73.
        0.      136.      134.       78.       40.       73.
       78.      136.      134.       78.       40.       73.
      156.      136.      134.       78.       40.       73.
      234.      136.      134.       69.       46.       63.
      303.      136.      134.       69.       46.       63.
      372.      136.      134.       69.       46.       63.
      441.      136.      134.       69.       46.       63.
      510.      136.      134.       69.       46.       63.
