---------------------------------------------------------------------------------------------
                                       *** REPORT ***
---------------------------------------------------------------------------------------------
ELAPSED TIME                                          : Almost 0 sec
TOTAL NUMBER OF ITERATIONS DONE                       : 1
BEST SOLUTION FOUND AT ITERATION                      : 0 OF VARIANT: 1
TOTAL NUMBER OF BOXES                                 : 169
PACKED NUMBER OF BOXES                                : 131
TOTAL VOLUME OF ALL BOXES                             : 30024961.00
PALLET VOLUME                                         : 30089620.00
BEST SOLUTION'S VOLUME UTILIZATION                    : 20720546.00 OUT OF 30089620.00
PERCENTAGE OF PALLET VOLUME USED                      : 68.862771 %
PERCENTAGE OF PACKED BOXES (VOLUME)                   : 69.011067 %
WHILE PALLET ORIENTATION                              : X=587.00; Y=233.00; Z= 220.00
---------------------------------------------------------------------------------------------
  NO: PACKSTA DIMEN-1  DMEN-2  DIMEN-3   COOR-X   COOR-Y   COOR-Z   PACKEDX  PACKEDY  PACKEDZ
---------------------------------------------------------------------------------------------


 *** LIST OF UNPACKED BOXES ***
  132  75.  45.  35.
  133  75.  45.  35.
  134  75.  45.  35.
  135  79.  68.  44.
  136  79.  68.  44.
  137  79.  68.  44.
  138  79.  68.  44.
  139  79.  68.  44.
  140  79.  68.  44.
  141  79.  68.  44.
  142  79.  68.  44.
  143  79.  68.  44.
  144  79.  68.  44.
  145  79.  68.  44.
  146  79.  68.  44.
  147  79.  68.  44.
  148 116.  49.  47.
  149 116.  49.  47.
  150 116.  49.  47.
  151 116.  49.  47.
  152 116.  49.  47.
  153 116.  49.  47.
  154 116.  49.  47.
  155 116.  49.  47.
  156 116.  49.  47.
  157 116.  49.  47.
  158 116.  49.  47.
  159 116.  49.  47.
  160 116.  49.  47.
  161 116.  49.  47.
  162 116.  49.  47.
  163 116.  49.  47.
  164 116.  49.  47.
  165 116.  49.  47.
  166 116.  49.  47.
  167 116.  49.  47.
  168 116.  49.  47.
  169 116.  49.  47.
