---------------------------------------------------------------------------------------------
                                       *** REPORT ***
---------------------------------------------------------------------------------------------
ELAPSED TIME                                          : Almost 0 sec
TOTAL NUMBER OF ITERATIONS DONE                       : 1
BEST SOLUTION FOUND AT ITERATION                      : 0 OF VARIANT: 1
TOTAL NUMBER OF BOXES                                 : 138
PACKED NUMBER OF BOXES                                : 86
TOTAL VOLUME OF ALL BOXES                             : 29971982.00
PALLET VOLUME                                         : 30089620.00
BEST SOLUTION'S VOLUME UTILIZATION                    : 17509232.00 OUT OF 30089620.00
PERCENTAGE OF PALLET VOLUME USED                      : 58.190273 %
PERCENTAGE OF PACKED BOXES (VOLUME)                   : 58.418666 %
WHILE PALLET ORIENTATION                              : X=587.00; Y=233.00; Z= 220.00
---------------------------------------------------------------------------------------------
  NO: PACKSTA DIMEN-1  DMEN-2  DIMEN-3   COOR-X   COOR-Y   COOR-Z   PACKEDX  PACKEDY  PACKEDZ
---------------------------------------------------------------------------------------------


 *** LIST OF UNPACKED BOXES ***
   87  76.  57.  36.
   88  76.  57.  36.
   89  76.  57.  36.
   90  76.  57.  36.
   91  76.  57.  36.
   92  76.  57.  36.
   93  95.  60.  55.
   94  95.  60.  55.
   95  95.  60.  55.
   96  95.  60.  55.
   97  95.  60.  55.
   98  95.  60.  55.
   99  95.  60.  55.
  100  95.  60.  55.
  101  95.  60.  55.
  102  95.  60.  55.
  103  95.  60.  55.
  104  95.  60.  55.
  105  95.  60.  55.
  106  95.  60.  55.
  107  80.  66.  52.
  108  80.  66.  52.
  109  80.  66.  52.
  110  80.  66.  52.
  111  80.  66.  52.
  112  80.  66.  52.
  113  80.  66.  52.
  114  80.  66.  52.
  115  80.  66.  52.
  116  80.  66.  52.
  117  80.  66.  52.
  118  80.  66.  52.
  119  80.  66.  52.
  120  80.  66.  52.
  121 109.  73.  23.
  122 109.  73.  23.
  123 109.  73.  23.
  124 109.  73.  23.
  125 109.  73.  23.
  126 109.  73.  23.
  127 109.  73.  23.
  128 109.  73.  23.
  129 109.  73.  23.
  130 109.  73.  23.
  131 109.  73.  23.
  132 109.  73.  23.
  133 109.  73.  23.
  134 109.  73.  23.
  135 109.  73.  23.
  136 109.  73.  23.
  137 109.  73.  23.
  138 109.  73.  23.
