      587.      233.      220.
        0.        0.        0.       98.       44.       73.
       98.        0.        0.       98.       44.       73.
      196.        0.        0.       98.       44.       73.
      294.        0.        0.       98.       44.       73.
      392.        0.        0.       98.       44.       73.
      490.        0.        0.       73.       44.       98.
      430.        0.       73.       60.       38.       60.
      370.        0.       73.       60.       38.       60.
      310.        0.       73.       60.       38.       60.
      250.        0.       73.       60.       38.       60.
      190.        0.       73.       60.       38.       60.
      130.        0.       73.       60.       38.       60.
       70.        0.       73.       60.       38.       60.
        0.        0.      133.      105.       60.       73.
      105.        0.      133.      105.       60.       73.
      210.        0.      133.      105.       60.       73.
      315.        0.      133.      105.       60.       73.
      420.        0.      133.      105.       60.       73.
      525.        0.      133.       60.      105.       73.
        0.       44.        0.      105.       60.       73.
      105.       44.        0.      105.       60.       73.
      210.       44.        0.      105.       60.       73.
      315.       44.        0.      105.       60.       73.
      420.       44.        0.       90.       52.       77.
      510.       44.        0.       77.       52.       90.
        0.      105.        0.       90.       52.       77.
       90.      105.        0.       66.       24.       58.
      156.      105.        0.       66.       24.       58.
      222.      105.        0.       66.       24.       58.
      288.      105.        0.       66.       24.       58.
      354.      105.        0.       66.       24.       58.
        0.      105.       77.      106.       55.       76.
      106.      105.       77.      106.       55.       76.
      212.      105.       77.      106.       55.       76.
      318.      105.       77.      106.       55.       76.
      424.      105.       77.      106.       55.       76.
      530.      105.       77.       55.       76.      106.
      424.      105.      153.      106.       76.       55.
      318.      105.      153.      106.       76.       55.
      212.      105.      153.      106.       76.       55.
      106.      105.      153.      106.       76.       55.
       62.      105.      153.       44.       55.       36.
       18.      105.      153.       44.       55.       36.
      530.      105.      183.       44.       55.       36.
        0.      181.        0.       55.       36.       44.
       55.      181.        0.       55.       36.       44.
      110.      181.        0.       55.       36.       44.
      165.      181.        0.       55.       36.       44.
      220.      181.        0.       55.       36.       44.
      275.      181.        0.       55.       36.       44.
      330.      181.        0.       55.       36.       44.
      385.      181.        0.       55.       36.       44.
      440.      181.        0.       55.       36.       44.
      495.      181.        0.       82.       23.       58.
      413.      181.       44.       82.       23.       58.
      331.      181.       44.       82.       23.       58.
      249.      181.       44.       82.       23.       58.
      167.      181.       44.       82.       23.       58.
       85.      181.       44.       82.       23.       58.
        3.      181.       44.       82.       23.       58.
