---------------------------------------------------------------------------------------------
                                       *** REPORT ***
---------------------------------------------------------------------------------------------
ELAPSED TIME                                          : Almost 0 sec
TOTAL NUMBER OF ITERATIONS DONE                       : 1
BEST SOLUTION FOUND AT ITERATION                      : 0 OF VARIANT: 1
TOTAL NUMBER OF BOXES                                 : 129
PACKED NUMBER OF BOXES                                : 68
TOTAL VOLUME OF ALL BOXES                             : 30008675.00
PALLET VOLUME                                         : 30089620.00
BEST SOLUTION'S VOLUME UTILIZATION                    : 19822650.00 OUT OF 30089620.00
PERCENTAGE OF PALLET VOLUME USED                      : 65.878698 %
PERCENTAGE OF PACKED BOXES (VOLUME)                   : 66.056399 %
WHILE PALLET ORIENTATION                              : X=587.00; Y=233.00; Z= 220.00
---------------------------------------------------------------------------------------------
  NO: PACKSTA DIMEN-1  DMEN-2  DIMEN-3   COOR-X   COOR-Y   COOR-Z   PACKEDX  PACKEDY  PACKEDZ
---------------------------------------------------------------------------------------------


 *** LIST OF UNPACKED BOXES ***
   69  95.  66.  31.
   70  95.  66.  31.
   71  95.  66.  31.
   72  95.  66.  31.
   73  95.  66.  31.
   74  95.  66.  31.
   75  95.  66.  31.
   76  85.  84.  30.
   77  85.  84.  30.
   78  85.  84.  30.
   79  85.  84.  30.
   80  85.  84.  30.
   81  85.  84.  30.
   82  85.  84.  30.
   83  85.  84.  30.
   84  71.  32.  25.
   85  71.  32.  25.
   86  71.  32.  25.
   87  36.  34.  25.
   88  36.  34.  25.
   89  36.  34.  25.
   90  36.  34.  25.
   91  36.  34.  25.
   92  36.  34.  25.
   93  36.  34.  25.
   94  36.  34.  25.
   95  36.  34.  25.
   96  36.  34.  25.
   97  97.  67.  62.
   98  97.  67.  62.
   99  97.  67.  62.
  100  97.  67.  62.
  101  97.  67.  62.
  102  97.  67.  62.
  103  97.  67.  62.
  104  33.  25.  23.
  105  33.  25.  23.
  106  33.  25.  23.
  107  33.  25.  23.
  108  33.  25.  23.
  109  33.  25.  23.
  110  33.  25.  23.
  111  95.  27.  26.
  112  95.  27.  26.
  113  95.  27.  26.
  114  95.  27.  26.
  115  95.  27.  26.
  116  95.  27.  26.
  117  95.  27.  26.
  118  95.  27.  26.
  119  95.  27.  26.
  120  95.  27.  26.
  121  94.  81.  44.
  122  94.  81.  44.
  123  94.  81.  44.
  124  94.  81.  44.
  125  94.  81.  44.
  126  94.  81.  44.
  127  94.  81.  44.
  128  94.  81.  44.
  129  94.  81.  44.
