---------------------------------------------------------------------------------------------
                                       *** REPORT ***
---------------------------------------------------------------------------------------------
ELAPSED TIME                                          : Almost 0 sec
TOTAL NUMBER OF ITERATIONS DONE                       : 1
BEST SOLUTION FOUND AT ITERATION                      : 0 OF VARIANT: 1
TOTAL NUMBER OF BOXES                                 : 149
PACKED NUMBER OF BOXES                                : 71
TOTAL VOLUME OF ALL BOXES                             : 30041530.00
PALLET VOLUME                                         : 30089620.00
BEST SOLUTION'S VOLUME UTILIZATION                    : 15781569.00 OUT OF 30089620.00
PERCENTAGE OF PALLET VOLUME USED                      : 52.448549 %
PERCENTAGE OF PACKED BOXES (VOLUME)                   : 52.532507 %
WHILE PALLET ORIENTATION                              : X=587.00; Y=233.00; Z= 220.00
---------------------------------------------------------------------------------------------
  NO: PACKSTA DIMEN-1  DMEN-2  DIMEN-3   COOR-X   COOR-Y   COOR-Z   PACKEDX  PACKEDY  PACKEDZ
---------------------------------------------------------------------------------------------


 *** LIST OF UNPACKED BOXES ***
   72  86.  76.  38.
   73  86.  76.  38.
   74  86.  76.  38.
   75  86.  76.  38.
   76  86.  76.  38.
   77  86.  76.  38.
   78  86.  76.  38.
   79  86.  76.  38.
   80  86.  76.  38.
   81  86.  76.  38.
   82  86.  76.  38.
   83  71.  48.  47.
   84  71.  48.  47.
   85  71.  48.  47.
   86  71.  48.  47.
   87  71.  48.  47.
   88  71.  48.  47.
   89  71.  48.  47.
   90  71.  48.  47.
   91  71.  48.  47.
   92  71.  48.  47.
   93  71.  48.  47.
   94  71.  48.  47.
   95  71.  48.  47.
   96  71.  48.  47.
   97  90.  43.  33.
   98  90.  43.  33.
   99  90.  43.  33.
  100  90.  43.  33.
  101  90.  43.  33.
  102  90.  43.  33.
  103  90.  43.  33.
  104  90.  43.  33.
  105  90.  43.  33.
  106  98.  52.  44.
  107  98.  52.  44.
  108  98.  52.  44.
  109  98.  52.  44.
  110  98.  52.  44.
  111  98.  52.  44.
  112  98.  52.  44.
  113  98.  52.  44.
  114  98.  52.  44.
  115  73.  37.  23.
  116  73.  37.  23.
  117  73.  37.  23.
  118  73.  37.  23.
  119  73.  37.  23.
  120  73.  37.  23.
  121  73.  37.  23.
  122  73.  37.  23.
  123  73.  37.  23.
  124  73.  37.  23.
  125  61.  48.  39.
  126  61.  48.  39.
  127  61.  48.  39.
  128  61.  48.  39.
  129  61.  48.  39.
  130  61.  48.  39.
  131  61.  48.  39.
  132  61.  48.  39.
  133  61.  48.  39.
  134  61.  48.  39.
  135  61.  48.  39.
  136  61.  48.  39.
  137  61.  48.  39.
  138  61.  48.  39.
  139  75.  75.  63.
  140  75.  75.  63.
  141  75.  75.  63.
  142  75.  75.  63.
  143  75.  75.  63.
  144  75.  75.  63.
  145  75.  75.  63.
  146  75.  75.  63.
  147  75.  75.  63.
  148  75.  75.  63.
  149  75.  75.  63.
