  587  233  220
    0    0    0   81   92   55
   81    0    0   81   92   55
  162    0    0   81   92   55
  243    0    0   81   92   55
  324    0    0   81   92   55
  405    0    0   81   92   55
  486    0    0   81   92   55
    0    0   55   81   92   55
   81    0   55   81   92   55
  162    0   55   81   92   55
  243    0   55   81   92   55
  324    0   55   81   92   55
  405    0   55   81   92   55
  486    0   55   81   92   55
    0    0  110   81   92   55
   81    0  110   81   92   55
  162    0  110   81   92   55
  243    0  110   81   92   55
  324    0  110   81   92   55
  405    0  110   81   92   55
  486    0  110   81   92   55
    0    0  165   81   92   55
   81    0  165   81   92   55
  162    0  165   81   92   55
  243    0  165   81   92   55
  324    0  165   81   92   55
  405    0  165   81   92   55
  486    0  165   81   92   55
    0   92    0   76  108   30
   76   92    0   76  108   30
  152   92    0   76  108   30
  228   92    0   76  108   30
  304   92    0   76  108   30
  380   92    0   76  108   30
  456   92    0   76  108   30
  532   92    0   30  108   76
  562   92    0   25   43  110
  456   92   30   76  108   30
  380   92   30   76  108   30
  304   92   30   76  108   30
  228   92   30   76  108   30
  152   92   30   76  108   30
   76   92   30   76  108   30
    0   92   30   76  108   30
  456   92   60   76  108   30
  380   92   60   76  108   30
  304   92   60   76  108   30
  228   92   60   76  108   30
  152   92   60   76  108   30
   76   92   60   76  108   30
    0   92   60   76  108   30
  532   92   76   30  108   76
  456   92   90   76  108   30
  380   92   90   76  108   30
  304   92   90   76  108   30
  228   92   90   76  108   30
  152   92   90   76  108   30
   76   92   90   76  108   30
    0   92   90   76  108   30
  562   92  110   25   43  110
  456   92  120   76  108   30
  380   92  120   76  108   30
  304   92  120   76  108   30
  228   92  120   76  108   30
  152   92  120   76  108   30
   76   92  120   76  108   30
    0   92  120   76  108   30
  456   92  150   76  108   30
  380   92  150   76  108   30
  304   92  150   76  108   30
  223   92  150   81   92   55
  142   92  150   81   92   55
   61   92  150   81   92   55
  304   92  180  110   43   25
  414   92  180  110   43   25
    0  200    0  110   25   43
  110  200    0  110   25   43
  220  200    0  110   25   43
  330  200    0  110   25   43
  440  200    0  110   25   43
    0  200   43  110   25   43
  110  200   43  110   25   43
  220  200   43  110   25   43
  330  200   43  110   25   43
  440  200   43  110   25   43
    0  200   86  110   25   43
  110  200   86  110   25   43
  220  200   86  110   25   43
  330  200   86  110   25   43
  440  200   86  110   25   43
    0  200  129  110   25   43
  110  200  129  110   25   43
  220  200  129  110   25   43
  330  200  129  110   25   43
  440  200  129  110   25   43
    0  200  172  110   25   43
  110  200  172  110   25   43
  220  200  172  110   25   43
  330  200  172  110   25   43
  440  200  172  110   25   43
