    587.11    233.22    220.33
        0.        0.        0.    108.11     30.33     76.22
    108.11        0.        0.    108.11     30.33     76.22
    216.22        0.        0.    108.11     30.33     76.22
    324.33        0.        0.    108.11     30.33     76.22
    432.44        0.        0.    108.11     30.33     76.22
        0.        0.     76.22    108.11     30.33     76.22
    108.11        0.     76.22    108.11     30.33     76.22
    216.22        0.     76.22    108.11     30.33     76.22
    324.33        0.     76.22    108.11     30.33     76.22
    432.44        0.     76.22    108.11     30.33     76.22
        0.        0.    152.44    108.11     30.33     76.22
      479.     30.33        0.    108.11     30.33     76.22
    370.89     30.33        0.    108.11     30.33     76.22
    262.78     30.33        0.    108.11     30.33     76.22
    154.67     30.33        0.    108.11     30.33     76.22
     46.56     30.33        0.    108.11     30.33     76.22
      479.     30.33     76.22    108.11     30.33     76.22
    370.89     30.33     76.22    108.11     30.33     76.22
    262.78     30.33     76.22    108.11     30.33     76.22
    154.67     30.33     76.22    108.11     30.33     76.22
     46.56     30.33     76.22    108.11     30.33     76.22
        0.     30.33    152.44    108.11     76.22     30.33
    108.11     30.33    152.44    108.11     76.22     30.33
    216.22     30.33    152.44    108.11     76.22     30.33
    324.33     30.33    152.44    108.11     76.22     30.33
    432.44     30.33    152.44    108.11     76.22     30.33
        0.     30.33    182.77    108.11     76.22     30.33
    108.11     30.33    182.77    108.11     76.22     30.33
    216.22     30.33    182.77    108.11     76.22     30.33
    324.33     30.33    182.77    108.11     76.22     30.33
    432.44     30.33    182.77    108.11     76.22     30.33
        0.     60.66        0.    108.11     30.33     76.22
    108.11     60.66        0.    108.11     30.33     76.22
    216.22     60.66        0.    108.11     30.33     76.22
    324.33     60.66        0.    108.11     30.33     76.22
    432.44     60.66        0.    108.11     30.33     76.22
        0.     60.66     76.22    108.11     30.33     76.22
    108.11     60.66     76.22    108.11     30.33     76.22
    216.22     60.66     76.22    108.11     30.33     76.22
    324.33     60.66     76.22    108.11     30.33     76.22
    432.44     60.66     76.22    108.11     30.33     76.22
        0.    106.55        0.    110.11     25.33     43.22
    110.11    106.55        0.    110.11     25.33     43.22
    220.22    106.55        0.    110.11     25.33     43.22
    330.33    106.55        0.    110.11     25.33     43.22
    440.44    106.55        0.    110.11     25.33     43.22
        0.    106.55     43.22    110.11     25.33     43.22
    110.11    106.55     43.22    110.11     25.33     43.22
    220.22    106.55     43.22    110.11     25.33     43.22
    330.33    106.55     43.22    110.11     25.33     43.22
    440.44    106.55     43.22    110.11     25.33     43.22
        0.    106.55     86.44    110.11     25.33     43.22
    110.11    106.55     86.44    110.11     25.33     43.22
    220.22    106.55     86.44    110.11     25.33     43.22
    330.33    106.55     86.44    110.11     25.33     43.22
    440.44    106.55     86.44    110.11     25.33     43.22
        0.    106.55    129.66    110.11     25.33     43.22
    110.11    106.55    129.66    110.11     25.33     43.22
    220.22    106.55    129.66    110.11     25.33     43.22
    330.33    106.55    129.66    110.11     25.33     43.22
    440.44    106.55    129.66    110.11     25.33     43.22
        0.    106.55    172.88    110.11     25.33     43.22
    110.11    106.55    172.88    110.11     25.33     43.22
    220.22    106.55    172.88    110.11     25.33     43.22
    330.33    106.55    172.88    110.11     25.33     43.22
    440.44    106.55    172.88    110.11     25.33     43.22
        0.    131.88        0.    110.11     25.33     43.22
    110.11    131.88        0.    110.11     25.33     43.22
    220.22    131.88        0.    110.11     25.33     43.22
    330.33    131.88        0.    110.11     25.33     43.22
    440.44    131.88        0.    110.11     25.33     43.22
        0.    131.88     43.22    110.11     25.33     43.22
    110.11    131.88     43.22    110.11     25.33     43.22
    220.22    131.88     43.22    110.11     25.33     43.22
        0.    131.88     86.44    110.11     25.33     43.22
      495.    157.21        0.     92.11     55.33     81.22
    402.89    157.21        0.     92.11     55.33     81.22
    310.78    157.21        0.     92.11     55.33     81.22
    218.67    157.21        0.     92.11     55.33     81.22
    126.56    157.21        0.     92.11     55.33     81.22
     34.45    157.21        0.     92.11     55.33     81.22
      495.    157.21     81.22     92.11     55.33     81.22
    402.89    157.21     81.22     92.11     55.33     81.22
    310.78    157.21     81.22     92.11     55.33     81.22
    218.67    157.21     81.22     92.11     55.33     81.22
    126.56    157.21     81.22     92.11     55.33     81.22
     34.45    157.21     81.22     92.11     55.33     81.22
