      587.      233.      220.
        0.        0.        0.      92.6      55.6      81.8
      92.6        0.        0.      92.6      55.6      81.8
     185.2        0.        0.      92.6      55.6      81.8
     277.8        0.        0.     108.4      30.9      76.7
     386.2        0.        0.      92.6      55.6      81.8
     478.8        0.        0.      92.6      55.6      81.8
     309.5        0.      76.7      76.7      30.9     108.4
     277.8        0.      76.7      25.1      43.3     110.6
     167.2        0.      81.8     110.6      43.3      25.1
      74.6        0.      81.8      92.6      55.6      81.8
      49.5        0.      81.8      25.1      43.3     110.6
     386.2        0.      81.8      92.6      55.6      81.8
     478.8        0.      81.8      25.1      43.3     110.6
     503.9        0.      81.8      81.8      55.6      92.6
     167.2        0.     106.9     108.4      30.9      76.7
      74.6        0.     183.6     110.6      43.3      25.1
        0.      55.6        0.      92.6      55.6      81.8
      92.6      55.6        0.     108.4      30.9      76.7
      201.      55.6        0.      92.6      55.6      81.8
     293.6      55.6        0.     108.4      30.9      76.7
      402.      55.6        0.     108.4      30.9      76.7
      92.6      55.6      76.7     108.4      30.9      76.7
     293.6      55.6      76.7     110.6      43.3      25.1
     404.2      55.6      76.7     110.6      43.3      25.1
        0.      55.6      81.8      92.6      55.6      81.8
      201.      55.6      81.8      25.1      43.3     110.6
     226.1      55.6     101.8      92.6      55.6      81.8
     318.7      55.6     101.8     108.4      30.9      76.7
     427.1      55.6     101.8     108.4      30.9      76.7
        0.     111.2        0.     108.4      30.9      76.7
        0.     111.2      76.7      92.6      55.6      81.8
      92.6     111.2      76.7      92.6      55.6      81.8
     185.2     111.2      76.7      92.6      55.6      81.8
     277.8     111.2      76.7      92.6      55.6      81.8
     370.4     111.2      76.7     110.6      43.3      25.1
      481.     111.2      76.7      92.6      55.6      81.8
     370.4     111.2     101.8     110.6      43.3      25.1
     372.6     111.2     126.9     108.4      30.9      76.7
     264.2     111.2     158.5     108.4      76.7      30.9
     153.6     111.2     158.5     110.6      43.3      25.1
      45.2     111.2     158.5     108.4      76.7      30.9
     -63.2     111.2     158.5     108.4      76.7      30.9
     476.4     142.1        0.     110.6      43.3      25.1
