      587.      233.      220.
        0.        0.        0.       91.       45.       54.
       91.        0.        0.       91.       45.       54.
      182.        0.        0.       91.       45.       54.
      273.        0.        0.       91.       45.       54.
      364.        0.        0.       91.       45.       54.
      455.        0.        0.       91.       45.       54.
        0.        0.       54.       91.       45.       54.
       91.        0.       54.       91.       45.       54.
      182.        0.       54.       91.       45.       54.
      273.        0.       54.       91.       45.       54.
      364.        0.       54.       91.       45.       54.
      455.        0.       54.       91.       45.       54.
        0.        0.      108.       91.       45.       54.
       91.        0.      108.       91.       45.       54.
      182.        0.      108.       91.       45.       54.
      273.        0.      108.       91.       45.       54.
      364.        0.      108.       91.       45.       54.
      455.        0.      108.       91.       45.       54.
        0.        0.      162.       91.       45.       54.
       91.        0.      162.       91.       45.       54.
      182.        0.      162.       91.       45.       54.
      273.        0.      162.       91.       45.       54.
      364.        0.      162.       91.       45.       54.
      455.        0.      162.       91.       45.       54.
        0.       45.        0.       91.       45.       54.
       91.       45.        0.       91.       45.       54.
      182.       45.        0.       91.       45.       54.
      273.       45.        0.       91.       45.       54.
      364.       45.        0.       91.       45.       54.
      455.       45.        0.       91.       45.       54.
        0.       45.       54.       91.       45.       54.
       91.       45.       54.       91.       45.       54.
        0.       45.      108.      105.       72.       77.
      105.       45.      108.      105.       72.       77.
      210.       45.      108.      105.       72.       77.
      315.       45.      108.      105.       72.       77.
      420.       45.      108.      105.       72.       77.
        0.      117.        0.      105.       72.       77.
      105.      117.        0.      105.       72.       77.
      210.      117.        0.      105.       72.       77.
      315.      117.        0.      105.       72.       77.
      420.      117.        0.      105.       72.       77.
        0.      117.       77.      105.       72.       77.
      105.      117.       77.      105.       72.       77.
      210.      117.       77.      105.       72.       77.
      315.      117.       77.      105.       72.       77.
      420.      117.       77.      105.       72.       77.
