  587  233  220
    0    0    0  105   77   72
  105    0    0  105   77   72
  210    0    0  105   77   72
  315    0    0  105   77   72
  420    0    0  105   77   72
  525    0    0   45   54   91
  420    0   72  105   77   72
  315    0   72  105   77   72
  210    0   72  105   77   72
  105    0   72  105   77   72
    0    0   72  105   77   72
  525    0   91   45   54   91
  420    0  144  105   77   72
  315    0  144  105   77   72
  210    0  144  105   77   72
  105    0  144  105   77   72
    0    0  144  105   77   72
    0   77    0   79   48   78
   79   77    0   79   48   78
  158   77    0   79   48   78
  237   77    0   79   48   78
  316   77    0   79   48   78
  395   77    0   79   48   78
  474   77    0   79   48   78
    0   77   78   79   48   78
   79   77   78   79   48   78
  158   77   78   79   48   78
  237   77   78   79   48   78
  316   77   78   79   48   78
  395   77   78   79   48   78
  474   77   78   79   48   78
    0   77  156   91   45   54
   91   77  156   91   45   54
  182   77  156   91   45   54
  273   77  156   91   45   54
  364   77  156   91   45   54
  455   77  156   91   45   54
    0  125    0   91   54   45
   91  125    0   91   54   45
  182  125    0   91   54   45
  273  125    0   91   54   45
  364  125    0   91   54   45
  455  125    0   91   54   45
    0  125   45   91   54   45
   91  125   45   91   54   45
  182  125   45   91   54   45
  273  125   45   91   54   45
  364  125   45   91   54   45
  455  125   45   91   54   45
    0  125   90   91   54   45
   91  125   90   91   54   45
  182  125   90   91   54   45
  273  125   90   91   54   45
  364  125   90   91   54   45
  455  125   90   91   54   45
    0  125  135   91   54   45
   91  125  135   91   54   45
  182  125  135   91   54   45
  273  125  135   91   54   45
  364  125  135   91   54   45
  455  125  135   91   54   45
    0  179    0   79   48   78
   79  179    0   79   48   78
  158  179    0   79   48   78
  237  179    0   79   48   78
  316  179    0   79   48   78
  395  179    0   79   48   78
  474  179    0   79   48   78
    0  179   78   79   48   78
   79  179   78   79   48   78
  158  179   78   79   48   78
  237  179   78   79   48   78
  316  179   78   79   48   78
  395  179   78   79   48   78
  474  179   78   79   48   78
