      587.      233.      220.
        0.        0.        0.       60.       32.       40.
       60.        0.        0.       60.       32.       40.
      120.        0.        0.       60.       32.       40.
      180.        0.        0.       60.       32.       40.
      240.        0.        0.       60.       32.       40.
      300.        0.        0.       60.       32.       40.
      360.        0.        0.       60.       32.       40.
      420.        0.        0.       60.       32.       40.
      480.        0.        0.       60.       32.       40.
      540.        0.        0.       40.       32.       60.
      480.        0.       40.       60.       32.       40.
      420.        0.       40.       60.       32.       40.
      360.        0.       40.       60.       32.       40.
      300.        0.       40.       60.       32.       40.
      240.        0.       40.       60.       32.       40.
      180.        0.       40.       60.       32.       40.
      120.        0.       40.       60.       32.       40.
       60.        0.       40.       60.       32.       40.
        0.        0.       40.       60.       32.       40.
      540.        0.       60.       40.       32.       60.
      480.        0.       80.       60.       32.       40.
      420.        0.       80.       60.       32.       40.
      360.        0.       80.       60.       32.       40.
      300.        0.       80.       60.       32.       40.
      240.        0.       80.       60.       32.       40.
      180.        0.       80.       60.       32.       40.
      120.        0.       80.       60.       32.       40.
       60.        0.       80.       60.       32.       40.
        0.        0.       80.       60.       32.       40.
        0.        0.      120.       60.       32.       40.
       60.        0.      120.       60.       32.       40.
      120.        0.      120.       60.       32.       40.
      180.        0.      120.       60.       32.       40.
      240.        0.      120.       60.       32.       40.
      300.        0.      120.       60.       32.       40.
      360.        0.      120.       60.       32.       40.
      420.        0.      120.       60.       32.       40.
      480.        0.      120.       60.       32.       40.
      540.        0.      120.       40.       32.       60.
      480.        0.      160.       60.       32.       40.
      420.        0.      160.       60.       32.       40.
      360.        0.      160.       60.       32.       40.
      300.        0.      160.       60.       32.       40.
      240.        0.      160.       60.       32.       40.
      180.        0.      160.       60.       32.       40.
      120.        0.      160.       60.       32.       40.
       60.        0.      160.       60.       32.       40.
        0.        0.      160.       60.       32.       40.
        0.       32.        0.       60.       32.       40.
       60.       32.        0.       60.       32.       40.
      120.       32.        0.       60.       32.       40.
      180.       32.        0.       60.       32.       40.
      240.       32.        0.       60.       32.       40.
      300.       32.        0.       60.       32.       40.
      360.       32.        0.       60.       32.       40.
      420.       32.        0.       60.       32.       40.
      480.       32.        0.       60.       32.       40.
      540.       32.        0.       40.       32.       60.
      480.       32.       40.       60.       32.       40.
      420.       32.       40.       60.       32.       40.
      360.       32.       40.       60.       32.       40.
      300.       32.       40.       60.       32.       40.
      240.       32.       40.       60.       32.       40.
      180.       32.       40.       60.       32.       40.
        0.       32.       80.       98.       55.       75.
       98.       32.       80.       98.       55.       75.
      196.       32.       80.       98.       55.       75.
      294.       32.       80.       98.       55.       75.
      392.       32.       80.       98.       55.       75.
      490.       32.       80.       75.       55.       98.
      392.       32.      155.       98.       75.       55.
      294.       32.      155.       98.       75.       55.
      196.       32.      155.       98.       75.       55.
       98.       32.      155.       98.       75.       55.
        0.       32.      155.       98.       75.       55.
        0.      107.        0.       98.       55.       75.
       98.      107.        0.       98.       55.       75.
      196.      107.        0.       98.       55.       75.
      294.      107.        0.       98.       55.       75.
      392.      107.        0.       98.       55.       75.
      490.      107.        0.       75.       55.       98.
      392.      107.       75.       98.       55.       75.
      294.      107.       75.       98.       55.       75.
      196.      107.       75.       98.       55.       75.
       98.      107.       75.       98.       55.       75.
        0.      107.       75.       98.       55.       75.
      490.      107.       98.       75.       55.       98.
        0.      162.        0.       98.       55.       75.
       98.      162.        0.       98.       55.       75.
      196.      162.        0.       98.       55.       75.
      294.      162.        0.       98.       55.       75.
      392.      162.        0.       98.       55.       75.
      490.      162.        0.       75.       55.       98.
      392.      162.       75.       98.       55.       75.
      294.      162.       75.       98.       55.       75.
      196.      162.       75.       98.       55.       75.
       98.      162.       75.       98.       55.       75.
        0.      162.       75.       98.       55.       75.
      490.      162.       98.       75.       55.       98.
