      587.      233.      220.
        0.        0.        0.       78.       27.       37.
       78.        0.        0.       78.       27.       37.
      156.        0.        0.       78.       27.       37.
      234.        0.        0.       78.       27.       37.
      312.        0.        0.       78.       27.       37.
      390.        0.        0.       78.       27.       37.
      468.        0.        0.       78.       27.       37.
      546.        0.        0.       37.       27.       78.
      468.        0.       37.       78.       27.       37.
      390.        0.       37.       78.       27.       37.
      312.        0.       37.       78.       27.       37.
      234.        0.       37.       78.       27.       37.
      156.        0.       37.       78.       27.       37.
       78.        0.       37.       78.       27.       37.
        0.        0.       37.       78.       27.       37.
      468.        0.       74.       78.       27.       37.
      390.        0.       74.       78.       27.       37.
      312.        0.       74.       78.       27.       37.
      234.        0.       74.       78.       27.       37.
      156.        0.       74.       78.       27.       37.
       78.        0.       74.       78.       27.       37.
        0.        0.       74.       78.       27.       37.
      546.        0.       78.       37.       27.       78.
      468.        0.      111.       78.       27.       37.
      390.        0.      111.       78.       27.       37.
      312.        0.      111.       78.       27.       37.
      234.        0.      111.       78.       27.       37.
      156.        0.      111.       78.       27.       37.
       78.        0.      111.       78.       27.       37.
        0.        0.      111.       78.       27.       37.
      468.        0.      148.       78.       27.       37.
      390.        0.      148.       78.       27.       37.
      312.        0.      148.       78.       27.       37.
      234.        0.      148.       78.       27.       37.
      156.        0.      148.       78.       27.       37.
       78.        0.      148.       78.       27.       37.
        0.        0.      148.       78.       27.       37.
        0.        0.      185.       78.       37.       27.
       78.        0.      185.       78.       37.       27.
      156.        0.      185.       78.       37.       27.
      234.        0.      185.       78.       37.       27.
      312.        0.      185.       78.       37.       27.
      390.        0.      185.       78.       37.       27.
      468.        0.      185.       78.       37.       27.
      546.        0.      185.       78.       37.       27.
        0.       37.        0.       78.       27.       37.
       78.       37.        0.       78.       27.       37.
      156.       37.        0.       78.       27.       37.
      234.       37.        0.       78.       27.       37.
      312.       37.        0.       78.       27.       37.
      390.       37.        0.       78.       27.       37.
      468.       37.        0.       78.       27.       37.
      546.       37.        0.       37.       27.       78.
      468.       37.       37.       78.       27.       37.
      390.       37.       37.       78.       27.       37.
      312.       37.       37.       78.       27.       37.
      234.       37.       37.       78.       27.       37.
      156.       37.       37.       78.       27.       37.
       78.       37.       37.       78.       27.       37.
        0.       37.       37.       78.       27.       37.
      468.       37.       74.       78.       27.       37.
      390.       37.       74.       78.       27.       37.
      312.       37.       74.       78.       27.       37.
      234.       37.       74.       78.       27.       37.
      145.       37.       74.       89.       25.       70.
       56.       37.       74.       89.       25.       70.
      234.       37.      111.       89.       25.       70.
      323.       37.      111.       89.       25.       70.
      412.       37.      111.       89.       25.       70.
      501.       37.      111.       70.       25.       89.
      145.       37.      144.       89.       25.       70.
       56.       37.      144.       89.       25.       70.
        0.       64.        0.       89.       25.       70.
       89.       64.        0.       89.       25.       70.
      178.       64.        0.       89.       25.       70.
      267.       64.        0.       89.       25.       70.
      356.       64.        0.       89.       25.       70.
      445.       64.        0.       89.       25.       70.
        0.       64.       70.       89.       25.       70.
       89.       64.       70.       89.       25.       70.
      178.       64.       70.       89.       25.       70.
      267.       64.       70.       89.       25.       70.
      356.       64.       70.       89.       25.       70.
      445.       64.       70.       89.       25.       70.
        0.       64.      140.       89.       25.       70.
       89.       64.      140.       89.       25.       70.
      178.       64.      140.       89.       25.       70.
      267.       64.      140.       89.       25.       70.
      356.       64.      140.       89.       25.       70.
      445.       64.      140.       89.       25.       70.
        0.       89.        0.       89.       25.       70.
       89.       89.        0.       89.       25.       70.
      178.       89.        0.       89.       25.       70.
      267.       89.        0.       89.       25.       70.
      356.       89.        0.       89.       25.       70.
      445.       89.        0.       89.       25.       70.
        0.       89.       70.       89.       25.       70.
       89.       89.       70.       89.       25.       70.
      178.       89.       70.       89.       25.       70.
      267.       89.       70.       89.       25.       70.
      356.       89.       70.       89.       25.       70.
      445.       89.       70.       89.       25.       70.
        0.       89.      140.       89.       25.       70.
       89.       89.      140.       89.       25.       70.
      178.       89.      140.       89.       25.       70.
      267.       89.      140.       89.       25.       70.
      356.       89.      140.       89.       25.       70.
      445.       89.      140.       89.       25.       70.
        0.      114.        0.       89.       25.       70.
       89.      114.        0.       89.       25.       70.
      178.      114.        0.       89.       25.       70.
      267.      114.        0.       89.       25.       70.
      356.      114.        0.       89.       25.       70.
      445.      114.        0.       89.       25.       70.
        0.      114.       70.       89.       25.       70.
       89.      114.       70.       89.       25.       70.
        0.      114.      140.       89.       25.       70.
      497.      139.        0.       90.       41.       84.
      407.      139.        0.       90.       41.       84.
      317.      139.        0.       90.       41.       84.
      227.      139.        0.       90.       41.       84.
      137.      139.        0.       90.       41.       84.
       47.      139.        0.       90.       41.       84.
      497.      139.       84.       90.       41.       84.
      407.      139.       84.       90.       41.       84.
      317.      139.       84.       90.       41.       84.
      227.      139.       84.       90.       41.       84.
      137.      139.       84.       90.       41.       84.
       47.      139.       84.       90.       41.       84.
        0.      139.      168.       90.       84.       41.
       90.      139.      168.       90.       84.       41.
      180.      139.      168.       90.       84.       41.
      270.      139.      168.       90.       84.       41.
      360.      139.      168.       90.       84.       41.
      450.      139.      168.       90.       84.       41.
        0.      180.        0.       90.       41.       84.
       90.      180.        0.       90.       41.       84.
      180.      180.        0.       90.       41.       84.
      270.      180.        0.       90.       41.       84.
      360.      180.        0.       90.       41.       84.
      450.      180.        0.       90.       41.       84.
        0.      180.       84.       90.       41.       84.
       90.      180.       84.       90.       41.       84.
      180.      180.       84.       90.       41.       84.
      270.      180.       84.       90.       41.       84.
      360.      180.       84.       90.       41.       84.
      450.      180.       84.       90.       41.       84.
