      587.      233.      220.
        0.        0.        0.      108.       30.       76.
      108.        0.        0.      108.       30.       76.
      216.        0.        0.      108.       30.       76.
      324.        0.        0.      108.       30.       76.
      432.        0.        0.      108.       30.       76.
        0.        0.       76.      108.       30.       76.
      108.        0.       76.      108.       30.       76.
      216.        0.       76.      108.       30.       76.
      324.        0.       76.      108.       30.       76.
      432.        0.       76.      108.       30.       76.
        0.        0.      152.      108.       76.       30.
      108.        0.      152.      108.       76.       30.
      216.        0.      152.      108.       76.       30.
      324.        0.      152.      108.       76.       30.
      432.        0.      152.      108.       76.       30.
        0.        0.      182.      108.       76.       30.
      108.        0.      182.      108.       76.       30.
      216.        0.      182.      108.       76.       30.
      324.        0.      182.      108.       76.       30.
      432.        0.      182.      108.       76.       30.
        0.       30.        0.      108.       30.       76.
      108.       30.        0.      108.       30.       76.
      216.       30.        0.      108.       30.       76.
      324.       30.        0.      108.       30.       76.
      432.       30.        0.      110.       43.       25.
      542.       30.        0.       25.       43.      110.
      432.       30.       25.      110.       43.       25.
      432.       30.       50.      110.       43.       25.
      432.       30.       75.      110.       43.       25.
      322.       30.       76.      110.       43.       25.
      212.       30.       76.      110.       43.       25.
        0.       76.        0.       92.       55.       81.
       92.       76.        0.       92.       55.       81.
      184.       76.        0.       92.       55.       81.
      276.       76.        0.       92.       55.       81.
      368.       76.        0.       92.       55.       81.
      460.       76.        0.       92.       55.       81.
        0.       76.       81.       92.       55.       81.
       92.       76.       81.       92.       55.       81.
      184.       76.       81.       92.       55.       81.
      276.       76.       81.       92.       55.       81.
      368.       76.       81.       92.       55.       81.
      460.       76.       81.       92.       55.       81.
        0.       76.      162.       92.       81.       55.
       92.       76.      162.       92.       81.       55.
      184.       76.      162.       92.       81.       55.
      276.       76.      162.       92.       81.       55.
      368.       76.      162.       92.       81.       55.
      460.       76.      162.       92.       81.       55.
        0.      157.        0.       92.       55.       81.
       92.      157.        0.       92.       55.       81.
      184.      157.        0.       92.       55.       81.
      276.      157.        0.       92.       55.       81.
      368.      157.        0.       81.       33.       28.
      449.      157.        0.       81.       33.       28.
      530.      157.        0.       28.       33.       81.
      558.      157.        0.       28.       33.       81.
      449.      157.       28.       81.       33.       28.
      368.      157.       28.       81.       33.       28.
      368.      157.       56.       81.       33.       28.
      449.      157.       56.       81.       33.       28.
      287.      157.       81.       81.       33.       28.
      206.      157.       81.       81.       33.       28.
      125.      157.       81.       81.       33.       28.
       44.      157.       81.       81.       33.       28.
       16.      157.       81.       28.       33.       81.
