      587.      233.      220.
        0.        0.        0.       49.       21.       25.
       49.        0.        0.       49.       21.       25.
       98.        0.        0.       49.       21.       25.
      147.        0.        0.       49.       21.       25.
      196.        0.        0.       49.       21.       25.
      245.        0.        0.       49.       21.       25.
      294.        0.        0.       49.       21.       25.
      343.        0.        0.       49.       21.       25.
      392.        0.        0.       49.       21.       25.
      441.        0.        0.       49.       21.       25.
      490.        0.        0.       49.       21.       25.
      539.        0.        0.       25.       21.       49.
      490.        0.       25.       49.       21.       25.
      441.        0.       25.       49.       21.       25.
      392.        0.       25.       49.       21.       25.
      343.        0.       25.       49.       21.       25.
      294.        0.       25.       49.       21.       25.
      245.        0.       25.       49.       21.       25.
      196.        0.       25.       49.       21.       25.
      147.        0.       25.       49.       21.       25.
       98.        0.       25.       49.       21.       25.
       49.        0.       25.       49.       21.       25.
        0.        0.       50.       60.       41.       51.
       60.        0.       50.       60.       41.       51.
      120.        0.       50.       60.       41.       51.
      180.        0.       50.       60.       41.       51.
      240.        0.       50.       60.       41.       51.
      300.        0.       50.       60.       41.       51.
      360.        0.       50.       60.       41.       51.
      420.        0.       50.       60.       41.       51.
      480.        0.       50.       60.       41.       51.
      540.        0.       50.       60.       41.       51.
        0.       41.        0.       60.       41.       51.
       60.       41.        0.       60.       41.       51.
      120.       41.        0.       60.       41.       51.
      180.       41.        0.       60.       41.       51.
      240.       41.        0.       60.       41.       51.
      300.       41.        0.       60.       41.       51.
      360.       41.        0.       60.       41.       51.
      420.       41.        0.       60.       41.       51.
      480.       41.        0.       60.       41.       51.
        0.       41.       51.       60.       41.       51.
       60.       41.       51.       60.       41.       51.
      120.       41.       51.       60.       41.       51.
      180.       41.       51.       60.       41.       51.
        0.       41.      102.      103.       64.       76.
      103.       41.      102.      103.       64.       76.
      206.       41.      102.      103.       64.       76.
      309.       41.      102.      103.       64.       76.
      412.       41.      102.      103.       64.       76.
      515.       41.      102.       64.       76.      103.
        0.      117.        0.      103.       64.       76.
      103.      117.        0.      103.       64.       76.
      206.      117.        0.      103.       64.       76.
      309.      117.        0.      103.       64.       76.
      412.      117.        0.      103.       64.       76.
        0.      117.       76.      103.       64.       76.
      103.      117.       76.      103.       64.       76.
      206.      117.       76.      103.       64.       76.
      309.      117.       76.      103.       64.       76.
      412.      117.       76.      103.       64.       76.
        0.      117.      152.      103.       76.       64.
      103.      117.      152.      103.       76.       64.
      206.      117.      152.      103.       76.       64.
      309.      117.      152.      103.       76.       64.
      412.      117.      152.      103.       76.       64.
