      587.      233.      220.
        0.        0.        0.       88.       39.       54.
       88.        0.        0.       88.       39.       54.
      176.        0.        0.       88.       39.       54.
      264.        0.        0.       88.       39.       54.
      352.        0.        0.       88.       39.       54.
      440.        0.        0.       88.       39.       54.
      528.        0.        0.       54.       39.       88.
      440.        0.       54.       88.       39.       54.
      352.        0.       54.       88.       39.       54.
      264.        0.       54.       88.       39.       54.
      176.        0.       54.       88.       39.       54.
       88.        0.       54.       88.       39.       54.
        0.        0.       54.       88.       39.       54.
      528.        0.       88.       54.       39.       88.
      440.        0.      108.       88.       39.       54.
      352.        0.      108.       88.       39.       54.
      264.        0.      108.       88.       39.       54.
      176.        0.      108.       88.       39.       54.
       88.        0.      108.       88.       39.       54.
        0.        0.      108.       88.       39.       54.
      440.        0.      162.       88.       39.       54.
      352.        0.      162.       88.       39.       54.
      264.        0.      162.       88.       39.       54.
      176.        0.      162.       88.       39.       54.
       88.        0.      162.       88.       39.       54.
        0.       39.        0.       94.       36.       54.
       94.       39.        0.       94.       36.       54.
      188.       39.        0.       94.       36.       54.
      282.       39.        0.       94.       36.       54.
      376.       39.        0.       94.       36.       54.
      470.       39.        0.       94.       36.       54.
        0.       39.       54.       94.       36.       54.
       94.       39.       54.       94.       36.       54.
      188.       39.       54.       94.       36.       54.
      282.       39.       54.       94.       36.       54.
      376.       39.       54.       94.       36.       54.
      470.       39.       54.       94.       36.       54.
        0.       39.      108.       94.       36.       54.
       94.       39.      108.       94.       36.       54.
      188.       39.      108.       94.       36.       54.
      282.       39.      108.       94.       36.       54.
      376.       39.      108.       94.       36.       54.
      470.       39.      108.       94.       36.       54.
        0.       39.      162.       94.       36.       54.
       94.       39.      162.       94.       36.       54.
      188.       39.      162.       94.       36.       54.
      282.       39.      162.       94.       36.       54.
      376.       39.      162.       94.       36.       54.
      470.       39.      162.       94.       36.       54.
        0.       75.        0.       94.       36.       54.
       94.       75.        0.       94.       36.       54.
      188.       75.        0.       94.       36.       54.
        0.       75.       54.       87.       43.       77.
       87.       75.       54.       87.       43.       77.
      174.       75.       54.       87.       43.       77.
      261.       75.       54.       87.       43.       77.
      348.       75.       54.       87.       43.       77.
      435.       75.       54.       87.       43.       77.
      522.       75.       54.       87.       43.       77.
        0.      118.        0.       87.       43.       77.
       87.      118.        0.       87.       43.       77.
      174.      118.        0.       87.       43.       77.
      261.      118.        0.       87.       43.       77.
      348.      118.        0.       87.       43.       77.
      435.      118.        0.       87.       43.       77.
        0.      118.       77.       87.       43.       77.
       87.      118.       77.       87.       43.       77.
      174.      118.       77.       87.       43.       77.
      261.      118.       77.       87.       43.       77.
      348.      118.       77.       87.       43.       77.
      435.      118.       77.       87.       43.       77.
        0.      118.      154.       87.       77.       43.
       87.      118.      154.       87.       77.       43.
      174.      118.      154.       87.       77.       43.
