      587.      233.      220.
        0.        0.        0.       90.       63.       70.
       90.        0.        0.       90.       63.       70.
      180.        0.        0.       90.       63.       70.
      270.        0.        0.       90.       63.       70.
      360.        0.        0.       90.       63.       70.
      450.        0.        0.       90.       63.       70.
        0.        0.       70.       90.       63.       70.
       90.        0.       70.       90.       63.       70.
      180.        0.       70.       90.       63.       70.
      270.        0.       70.       90.       63.       70.
      360.        0.       70.       90.       63.       70.
      450.        0.       70.       90.       63.       70.
        0.        0.      140.       90.       63.       70.
       90.        0.      140.       90.       63.       70.
      180.        0.      140.       90.       63.       70.
      270.        0.      140.       90.       63.       70.
      360.        0.      140.       84.       28.       78.
      444.        0.      140.       84.       28.       78.
        0.       63.        0.       84.       28.       78.
       84.       63.        0.       84.       28.       78.
      168.       63.        0.       84.       28.       78.
      252.       63.        0.       84.       28.       78.
      336.       63.        0.       84.       28.       78.
      420.       63.        0.       84.       28.       78.
      504.       63.        0.       78.       28.       84.
      420.       63.       78.       84.       28.       78.
      336.       63.       78.       84.       28.       78.
      252.       63.       78.       84.       28.       78.
      168.       63.       78.       84.       28.       78.
       84.       63.       78.       84.       28.       78.
        0.       63.       78.       84.       28.       78.
      504.       63.       84.       78.       28.       84.
        0.       63.      168.       78.       28.       84.
      503.       91.        0.       84.       28.       78.
      419.       91.        0.       84.       28.       78.
      335.       91.        0.       84.       28.       78.
      251.       91.        0.       84.       28.       78.
      167.       91.        0.       84.       28.       78.
       83.       91.        0.       84.       28.       78.
        5.       91.        0.       78.       28.       84.
       83.       91.       78.       84.       28.       78.
      167.       91.       78.       84.       28.       78.
      251.       91.       78.       84.       28.       78.
      335.       91.       78.       84.       28.       78.
      419.       91.       78.       84.       28.       78.
        0.       91.      168.       84.       28.       78.
      493.      119.        0.       94.       39.       85.
      399.      119.        0.       94.       39.       85.
      305.      119.        0.       94.       39.       85.
      211.      119.        0.       94.       39.       85.
      117.      119.        0.       94.       39.       85.
       23.      119.        0.       94.       39.       85.
      493.      119.       85.       94.       39.       85.
      399.      119.       85.       94.       39.       85.
      305.      119.       85.       94.       39.       85.
      211.      119.       85.       94.       39.       85.
      117.      119.       85.       94.       39.       85.
       23.      119.       85.       94.       39.       85.
        0.      119.      170.       94.       39.       85.
      493.      158.        0.       94.       39.       85.
      399.      158.        0.       94.       39.       85.
      305.      158.        0.       94.       39.       85.
      211.      158.        0.       94.       39.       85.
      117.      158.        0.       94.       39.       85.
       23.      158.        0.       94.       39.       85.
      493.      158.       85.       94.       39.       85.
      399.      158.       85.       94.       39.       85.
