      587.      233.      220.
        0.        0.        0.       74.       61.       63.
       74.        0.        0.       74.       61.       63.
      148.        0.        0.       74.       61.       63.
      222.        0.        0.       74.       61.       63.
      296.        0.        0.       74.       61.       63.
      370.        0.        0.       74.       61.       63.
      444.        0.        0.       74.       61.       63.
      518.        0.        0.       63.       61.       74.
      444.        0.       63.       74.       61.       63.
      370.        0.       63.       74.       61.       63.
      296.        0.       63.       74.       61.       63.
      222.        0.       63.       74.       61.       63.
      148.        0.       63.       74.       61.       63.
       74.        0.       63.       74.       61.       63.
        0.        0.       63.       74.       61.       63.
      518.        0.       74.       63.       61.       74.
      444.        0.      126.       74.       61.       63.
      370.        0.      126.       74.       61.       63.
      296.        0.      126.       74.       61.       63.
      222.        0.      126.       74.       61.       63.
      148.        0.      126.       74.       61.       63.
       74.        0.      126.       74.       61.       63.
        3.        0.      126.       71.       60.       25.
      518.        0.      148.       25.       60.       71.
      543.        0.      148.       25.       60.       71.
        3.        0.      151.       71.       60.       25.
        3.        0.      176.       71.       60.       25.
       74.        0.      189.       71.       60.       25.
      145.        0.      189.       71.       60.       25.
      216.        0.      189.       71.       60.       25.
      287.        0.      189.       71.       60.       25.
      358.        0.      189.       71.       60.       25.
      429.        0.      189.       71.       60.       25.
        0.       61.        0.       71.       25.       60.
        0.       61.       60.      106.       59.       80.
      106.       61.       60.      106.       59.       80.
      212.       61.       60.      106.       59.       80.
      318.       61.       60.      106.       59.       80.
      424.       61.       60.      106.       59.       80.
        0.       61.      140.      106.       59.       80.
      106.       61.      140.      106.       59.       80.
      212.       61.      140.      106.       59.       80.
      318.       61.      140.      106.       59.       80.
      424.       61.      140.      106.       59.       80.
        0.      120.        0.      106.       59.       80.
      106.      120.        0.      106.       59.       80.
      212.      120.        0.      106.       59.       80.
      318.      120.        0.      106.       59.       80.
      424.      120.        0.      106.       59.       80.
        0.      120.       80.      106.       59.       80.
      106.      120.       80.      106.       59.       80.
      212.      120.       80.      106.       59.       80.
      318.      120.       80.      106.       59.       80.
      424.      120.       80.      106.       59.       80.
        0.      120.      160.      106.       80.       59.
      106.      120.      160.      106.       80.       59.
      212.      120.      160.      106.       80.       59.
      318.      120.      160.      106.       80.       59.
      424.      120.      160.      106.       80.       59.
