      587.      233.      220.
        0.        0.        0.      108.       30.       76.
      108.        0.        0.      108.       30.       76.
      216.        0.        0.      108.       30.       76.
      324.        0.        0.      108.       30.       76.
      432.        0.        0.      108.       30.       76.
        0.        0.       76.      108.       30.       76.
      108.        0.       76.      108.       30.       76.
      216.        0.       76.      108.       30.       76.
      324.        0.       76.      108.       30.       76.
      432.        0.       76.      108.       30.       76.
        0.        0.      152.      108.       76.       30.
      108.        0.      152.      108.       76.       30.
      216.        0.      152.      108.       76.       30.
      324.        0.      152.      108.       76.       30.
      432.        0.      152.      108.       76.       30.
        0.        0.      182.      108.       76.       30.
      108.        0.      182.      108.       76.       30.
      216.        0.      182.      108.       76.       30.
      324.        0.      182.      108.       76.       30.
      432.        0.      182.      108.       76.       30.
        0.       30.        0.      108.       30.       76.
      108.       30.        0.      108.       30.       76.
      216.       30.        0.      108.       30.       76.
      324.       30.        0.      108.       30.       76.
      432.       30.        0.      110.       43.       25.
      542.       30.        0.       25.       43.      110.
      432.       30.       25.      110.       43.       25.
      432.       30.       50.      110.       43.       25.
      432.       30.       75.      110.       43.       25.
      322.       30.       76.      110.       43.       25.
      212.       30.       76.      110.       43.       25.
      102.       30.       76.      110.       43.       25.
      432.       30.      100.      110.       43.       25.
        0.       76.        0.       92.       55.       81.
       92.       76.        0.       92.       55.       81.
      184.       76.        0.       92.       55.       81.
      276.       76.        0.       92.       55.       81.
      368.       76.        0.       92.       55.       81.
      460.       76.        0.       92.       55.       81.
        0.       76.       81.       92.       55.       81.
       92.       76.       81.       92.       55.       81.
      184.       76.       81.       81.       33.       28.
      265.       76.       81.       81.       33.       28.
      346.       76.       81.       81.       33.       28.
      427.       76.       81.       81.       33.       28.
      508.       76.       81.       28.       33.       81.
      536.       76.       81.       28.       33.       81.
      427.       76.      109.       81.       33.       28.
      346.       76.      109.       81.       33.       28.
      265.       76.      109.       81.       33.       28.
      184.       76.      109.       81.       33.       28.
      184.       76.      137.       81.       33.       28.
        0.      131.        0.      120.       73.       99.
      120.      131.        0.      120.       73.       99.
      240.      131.        0.      120.       73.       99.
      360.      131.        0.      120.       73.       99.
      480.      131.        0.       99.       73.      120.
      360.      131.       99.      120.       73.       99.
      240.      131.       99.      120.       73.       99.
      120.      131.       99.      120.       73.       99.
        0.      131.       99.      120.       73.       99.
