      587.      233.      220.
        0.        0.        0.       97.       27.       81.
       97.        0.        0.       97.       27.       81.
      194.        0.        0.       97.       27.       81.
      291.        0.        0.       97.       27.       81.
      388.        0.        0.       97.       27.       81.
      485.        0.        0.       97.       27.       81.
        0.        0.       81.       97.       27.       81.
       97.        0.       81.       97.       27.       81.
      194.        0.       81.       97.       27.       81.
      291.        0.       81.       97.       27.       81.
        0.        0.      162.       97.       27.       81.
      485.       27.        0.      102.       39.       78.
      383.       27.        0.      102.       39.       78.
      281.       27.        0.      102.       39.       78.
      179.       27.        0.      102.       39.       78.
       77.       27.        0.      102.       39.       78.
      485.       27.       78.      102.       39.       78.
      383.       27.       78.      102.       39.       78.
      281.       27.       78.      102.       39.       78.
      179.       27.       78.      102.       39.       78.
       77.       27.       78.      102.       39.       78.
        0.       27.      162.      102.       78.       39.
      102.       27.      162.      102.       78.       39.
      204.       27.      162.      102.       78.       39.
      306.       27.      162.      102.       78.       39.
      408.       27.      162.      102.       78.       39.
        0.       66.        0.      102.       39.       78.
      102.       66.        0.      102.       39.       78.
      204.       66.        0.      102.       39.       78.
      306.       66.        0.      102.       39.       78.
      408.       66.        0.      102.       39.       78.
      510.       66.        0.       46.       36.      113.
      397.       66.       78.      113.       36.       46.
      284.       66.       78.      113.       36.       46.
      171.       66.       78.      113.       36.       46.
       58.       66.       78.      113.       36.       46.
        0.      105.        0.      113.       36.       46.
      113.      105.        0.      113.       36.       46.
      226.      105.        0.      113.       36.       46.
      339.      105.        0.      113.       36.       46.
      452.      105.        0.      113.       36.       46.
        0.      105.       46.      113.       36.       46.
      113.      105.       46.      113.       36.       46.
      226.      105.       46.      113.       36.       46.
      339.      105.       46.      113.       36.       46.
      452.      105.       46.      113.       36.       46.
        0.      105.       92.      113.       36.       46.
      113.      105.       92.      113.       36.       46.
      226.      105.       92.      113.       36.       46.
        0.      105.      138.       66.       42.       50.
       66.      105.      138.       66.       42.       50.
      132.      105.      138.       66.       42.       50.
      198.      105.      138.       66.       42.       50.
      264.      105.      138.       66.       42.       50.
      330.      105.      138.       66.       42.       50.
      396.      105.      138.       66.       42.       50.
      462.      105.      138.       66.       42.       50.
      528.      105.      138.       50.       42.       66.
        0.      147.        0.       66.       42.       50.
       66.      147.        0.       66.       42.       50.
      132.      147.        0.       66.       42.       50.
      198.      147.        0.       66.       42.       50.
      264.      147.        0.       66.       42.       50.
      330.      147.        0.       66.       42.       50.
      396.      147.        0.       66.       42.       50.
      462.      147.        0.       66.       42.       50.
      528.      147.        0.       50.       42.       66.
      462.      147.       50.       66.       42.       50.
      396.      147.       50.       66.       42.       50.
      330.      147.       50.       66.       42.       50.
      229.      147.       50.      101.       30.       26.
      128.      147.       50.      101.       30.       26.
       27.      147.       50.      101.       30.       26.
        1.      147.       50.       26.       30.      101.
      528.      147.       66.       26.       30.      101.
      554.      147.       66.       26.       30.      101.
       27.      147.       76.      101.       30.       26.
      128.      147.       76.      101.       30.       26.
      229.      147.       76.      101.       30.       26.
      330.      147.      100.      101.       30.       26.
      431.      147.      100.       26.       30.      101.
      457.      147.      100.       26.       30.      101.
      483.      147.      100.       26.       30.      101.
       27.      147.      102.      101.       30.       26.
      128.      147.      102.      101.       30.       26.
      229.      147.      102.      101.       30.       26.
      330.      147.      126.      100.       35.       56.
       27.      147.      128.      100.       35.       56.
      127.      147.      128.      100.       35.       56.
      227.      147.      128.      100.       35.       56.
        0.      189.        0.      100.       35.       56.
      100.      189.        0.      100.       35.       56.
      200.      189.        0.      100.       35.       56.
      300.      189.        0.      100.       35.       56.
      400.      189.        0.      100.       35.       56.
      500.      189.        0.       56.       35.      100.
      400.      189.       56.      100.       35.       56.
      300.      189.       56.      100.       35.       56.
      200.      189.       56.      100.       35.       56.
      100.      189.       56.      100.       35.       56.
        0.      189.       56.      100.       35.       56.
      500.      189.      100.       56.       35.      100.
      400.      189.      112.      100.       35.       56.
