      587.      233.      220.
        0.        0.        0.       88.       39.       54.
       88.        0.        0.       88.       39.       54.
      176.        0.        0.       88.       39.       54.
      264.        0.        0.       88.       39.       54.
      352.        0.        0.       88.       39.       54.
      440.        0.        0.       88.       39.       54.
      528.        0.        0.       54.       39.       88.
      440.        0.       54.       88.       39.       54.
      352.        0.       54.       88.       39.       54.
      264.        0.       54.       88.       39.       54.
      176.        0.       54.       88.       39.       54.
       88.        0.       54.       88.       39.       54.
        0.        0.       54.       88.       39.       54.
      528.        0.       88.       54.       39.       88.
      440.        0.      108.       88.       39.       54.
      352.        0.      108.       88.       39.       54.
      258.        0.      108.       94.       36.       54.
      164.        0.      108.       94.       36.       54.
       70.        0.      108.       94.       36.       54.
       16.        0.      108.       54.       36.       94.
       70.        0.      162.       94.       36.       54.
      164.        0.      162.       94.       36.       54.
      258.        0.      162.       94.       36.       54.
      352.        0.      162.       94.       36.       54.
        0.       39.        0.       94.       36.       54.
       94.       39.        0.       94.       36.       54.
      188.       39.        0.       94.       36.       54.
      282.       39.        0.       94.       36.       54.
      376.       39.        0.       94.       36.       54.
      470.       39.        0.       94.       36.       54.
        0.       39.       54.       87.       43.       77.
       87.       39.       54.       87.       43.       77.
      174.       39.       54.       87.       43.       77.
      261.       39.       54.       87.       43.       77.
      348.       39.       54.       87.       43.       77.
      435.       39.       54.       87.       43.       77.
      522.       39.       54.       87.       43.       77.
        0.       82.        0.       87.       43.       77.
       87.       82.        0.       87.       43.       77.
      174.       82.        0.       87.       43.       77.
      261.       82.        0.       87.       43.       77.
      348.       82.        0.       87.       43.       77.
      435.       82.        0.       87.       43.       77.
        0.       82.       77.       87.       43.       77.
       87.       82.       77.       87.       43.       77.
      174.       82.       77.       87.       43.       77.
      261.       82.       77.       87.       43.       77.
      348.       82.       77.       87.       43.       77.
      435.       82.       77.       87.       43.       77.
        0.       82.      154.       87.       43.       77.
      500.      125.        0.       87.       43.       77.
      413.      125.        0.       87.       43.       77.
