      587.      233.      220.
        0.        0.        0.       49.       21.       25.
       49.        0.        0.       49.       21.       25.
       98.        0.        0.       49.       21.       25.
      147.        0.        0.       49.       21.       25.
      196.        0.        0.       49.       21.       25.
      245.        0.        0.       49.       21.       25.
      294.        0.        0.       49.       21.       25.
      343.        0.        0.       49.       21.       25.
      392.        0.        0.       49.       21.       25.
      441.        0.        0.       49.       21.       25.
      490.        0.        0.       49.       21.       25.
      539.        0.        0.       25.       21.       49.
      490.        0.       25.       49.       21.       25.
      441.        0.       25.       49.       21.       25.
      392.        0.       25.       49.       21.       25.
      343.        0.       25.       49.       21.       25.
        0.        0.       50.       60.       41.       51.
       60.        0.       50.       60.       41.       51.
      120.        0.       50.       60.       41.       51.
      180.        0.       50.       60.       41.       51.
      240.        0.       50.       60.       41.       51.
      300.        0.       50.       60.       41.       51.
      360.        0.       50.       60.       41.       51.
      420.        0.       50.       60.       41.       51.
      480.        0.       50.      103.       64.       76.
      377.        0.      101.      103.       64.       76.
      274.        0.      101.      103.       64.       76.
      171.        0.      101.      103.       64.       76.
       68.        0.      101.      103.       64.       76.
        4.        0.      101.       64.       76.      103.
      480.        0.      126.      103.       76.       64.
        0.       76.        0.      103.       64.       76.
      103.       76.        0.      103.       64.       76.
      206.       76.        0.      103.       64.       76.
      309.       76.        0.      103.       64.       76.
      412.       76.        0.      103.       64.       76.
        0.       76.       76.      103.       64.       76.
      103.       76.       76.      103.       64.       76.
      206.       76.       76.      103.       64.       76.
      309.       76.       76.      103.       64.       76.
      412.       76.       76.       95.       62.       70.
      507.       76.       76.       70.       62.       95.
      412.       76.      146.       95.       62.       70.
        0.      140.        0.       95.       62.       70.
       95.      140.        0.       95.       62.       70.
      190.      140.        0.       95.       62.       70.
      285.      140.        0.       95.       62.       70.
      380.      140.        0.       95.       62.       70.
      475.      140.        0.       95.       62.       70.
        0.      140.       70.       95.       62.       70.
       95.      140.       70.       95.       62.       70.
      190.      140.       70.       95.       62.       70.
      285.      140.       70.       95.       62.       70.
      380.      140.       70.       95.       62.       70.
      475.      140.       70.       95.       62.       70.
        0.      140.      140.       95.       62.       70.
       95.      140.      140.       95.       62.       70.
      190.      140.      140.       95.       62.       70.
      285.      140.      140.      111.       49.       26.
      396.      140.      140.      111.       49.       26.
      285.      140.      166.      111.       49.       26.
      396.      140.      166.      111.       49.       26.
      285.      140.      192.      111.       49.       26.
      396.      140.      192.      111.       49.       26.
        0.      202.        0.      111.       26.       49.
      111.      202.        0.      111.       26.       49.
      222.      202.        0.      111.       26.       49.
      333.      202.        0.      111.       26.       49.
      444.      202.        0.      111.       26.       49.
        0.      202.       49.      111.       26.       49.
      111.      202.       49.      111.       26.       49.
      222.      202.       49.      111.       26.       49.
      333.      202.       49.      111.       26.       49.
      444.      202.       49.      111.       26.       49.
        0.      202.       98.      111.       26.       49.
      111.      202.       98.      111.       26.       49.
